[10:36:40] [main/WARN]: Ambiguity between arguments [teleport, destination] and [teleport, targets] with inputs: [Player, 0123, @e, dd12be42-52a9-4a91-a8a1-11c01849e498]
[10:36:40] [main/WARN]: Ambiguity between arguments [teleport, location] and [teleport, destination] with inputs: [0.1 -0.5 .9, 0 0 0]
[10:36:40] [main/WARN]: Ambiguity between arguments [teleport, location] and [teleport, targets] with inputs: [0.1 -0.5 .9, 0 0 0]
[10:36:40] [main/WARN]: Ambiguity between arguments [teleport, targets] and [teleport, destination] with inputs: [Player, 0123, dd12be42-52a9-4a91-a8a1-11c01849e498]
[10:36:40] [main/WARN]: Ambiguity between arguments [teleport, targets, location] and [teleport, targets, destination] with inputs: [0.1 -0.5 .9, 0 0 0]
[10:36:40] [Server thread/INFO]: Starting minecraft server version 1.14.4
[10:36:40] [Server thread/INFO]: Loading properties
[10:36:40] [Server thread/INFO]: Default game type: SURVIVAL
[10:36:40] [Server thread/INFO]: Generating keypair
[10:36:41] [Server thread/INFO]: Starting Minecraft server on *:25565
[10:36:41] [Server thread/INFO]: Using epoll channel type
[10:36:41] [Server thread/WARN]: **** SERVER IS RUNNING IN OFFLINE/INSECURE MODE!
[10:36:41] [Server thread/WARN]: The server will make no attempt to authenticate usernames. Beware.
[10:36:41] [Server thread/WARN]: While this makes the game possible to play without internet access, it also opens up the ability for hackers to connect with any username they choose.
[10:36:41] [Server thread/WARN]: To change this, set "online-mode" to "true" in the server.properties file.
[10:36:41] [Server thread/INFO]: Preparing level "world"
[10:36:41] [Server thread/INFO]: Reloading ResourceManager: Default
[10:36:42] [Server thread/INFO]: Loaded 6 recipes
[10:36:43] [Server thread/INFO]: Loaded 811 advancements
[10:36:44] [Server thread/INFO]: Preparing start region for dimension minecraft:overworld
[10:36:45] [Server thread/INFO]: Preparing spawn area: 0%
[10:36:45] [Server thread/INFO]: Preparing spawn area: 0%
[10:36:45] [Server thread/INFO]: Preparing spawn area: 0%
[10:36:45] [Server thread/INFO]: Preparing spawn area: 0%
[10:36:46] [Server thread/INFO]: Preparing spawn area: 0%
[10:36:56] [Server-Worker-1/INFO]: Preparing spawn area: 0%
[10:36:56] [Server-Worker-1/INFO]: Preparing spawn area: 0%
[10:36:56] [Server-Worker-1/INFO]: Preparing spawn area: 0%
[10:36:56] [Server-Worker-1/INFO]: Preparing spawn area: 0%
[10:36:56] [Server-Worker-1/INFO]: Preparing spawn area: 0%
[10:36:56] [Server-Worker-1/INFO]: Preparing spawn area: 0%
[10:36:56] [Server-Worker-1/INFO]: Preparing spawn area: 0%
[10:36:56] [Server-Worker-2/INFO]: Preparing spawn area: 0%
[10:36:56] [Server-Worker-3/INFO]: Preparing spawn area: 0%
[10:36:56] [Server-Worker-2/INFO]: Preparing spawn area: 0%
[10:36:56] [Server-Worker-2/INFO]: Preparing spawn area: 0%
[10:36:56] [Server-Worker-2/INFO]: Preparing spawn area: 0%
[10:36:56] [Server-Worker-3/INFO]: Preparing spawn area: 0%
[10:36:56] [Server-Worker-3/INFO]: Preparing spawn area: 0%
[10:36:56] [Server-Worker-3/INFO]: Preparing spawn area: 0%
[10:36:56] [Server-Worker-2/INFO]: Preparing spawn area: 0%
[10:36:56] [Server-Worker-2/INFO]: Preparing spawn area: 0%
[10:36:56] [Server-Worker-2/INFO]: Preparing spawn area: 0%
[10:36:56] [Server-Worker-2/INFO]: Preparing spawn area: 0%
[10:36:56] [Server-Worker-2/INFO]: Preparing spawn area: 0%
[10:36:56] [Server thread/INFO]: Preparing spawn area: 0%
[10:36:56] [Server thread/INFO]: Time elapsed: 12935 ms
[10:36:56] [Server thread/INFO]: Done (15.631s)! For help, type "help"
[10:40:59] [Server thread/INFO]: MartinsSpN[/127.0.0.1:60024] logged in with entity id 247 at (-88.45452689520441, 96.0, -324.6294267376228)
[10:40:59] [Server thread/INFO]: MartinsSpN joined the game
[11:03:24] [Server thread/INFO]: MartinsSpN fell from a high place
[11:04:50] [Server thread/INFO]: MartinsSpN fell from a high place
[11:08:30] [Server thread/INFO]: MartinsSpN lost connection: Disconnected
[11:08:30] [Server thread/INFO]: MartinsSpN left the game
[11:08:57] [Server thread/INFO]: Stopping the server
[11:08:57] [Server thread/INFO]: Stopping server
[11:08:57] [Server thread/INFO]: Saving players
[11:08:57] [Server thread/INFO]: Saving worlds
[11:08:57] [Server thread/INFO]: Saving chunks for level 'world'/minecraft:the_end
[11:08:57] [Server thread/INFO]: ThreadedAnvilChunkStorage (DIM1): All chunks are saved
[11:08:57] [Server thread/INFO]: Saving chunks for level 'world'/minecraft:the_nether
[11:08:57] [Server thread/INFO]: ThreadedAnvilChunkStorage (DIM-1): All chunks are saved
[11:08:57] [Server thread/INFO]: Saving chunks for level 'world'/minecraft:overworld
[11:08:57] [Server thread/INFO]: ThreadedAnvilChunkStorage (world): All chunks are saved
[11:08:57] [Server thread/INFO]: ThreadedAnvilChunkStorage (DIM1): All chunks are saved
[11:08:57] [Server thread/INFO]: ThreadedAnvilChunkStorage (DIM-1): All chunks are saved
[11:08:57] [Server thread/INFO]: ThreadedAnvilChunkStorage (world): All chunks are saved
